{
  "RSpec": {
    "coverage": {
      "/home/andrew/projects/promotest/lib/checkout.rb": [
        1,
        1,
        null,
        1,
        1,
        null,
        1,
        7,
        7,
        null,
        null,
        1,
        10,
        9,
        null,
        null,
        1,
        12,
        4,
        4,
        null,
        null,
        1,
        4,
        null,
        null
      ],
      "/home/andrew/projects/promotest/lib/promotional_rules.rb": [
        1,
        1,
        8,
        8,
        8,
        null,
        null,
        1,
        8,
        13,
        null,
        8,
        null,
        null,
        1,
        10,
        10,
        26,
        null,
        10,
        null,
        null,
        1,
        11,
        5,
        null,
        11,
        null,
        null
      ],
      "/home/andrew/projects/promotest/lib/product_range.rb": [
        1,
        1,
        null,
        null,
        null,
        null,
        19,
        null,
        null
      ],
      "/home/andrew/projects/promotest/spec/product_range_spec.rb": [
        1,
        1,
        null,
        1,
        1,
        1,
        null,
        null
      ],
      "/home/andrew/projects/promotest/spec/promotional_rules_spec.rb": [
        1,
        1,
        null,
        1,
        1,
        1,
        1,
        null,
        null,
        1,
        1,
        1,
        null,
        null,
        null,
        1,
        1,
        1,
        null,
        null,
        1,
        1,
        null,
        null,
        null,
        1,
        1,
        1,
        null,
        null,
        1,
        1,
        null,
        null,
        1,
        1,
        null,
        null,
        1,
        1,
        null,
        null,
        null
      ]
    },
    "timestamp": 1451330909
  }
}
