{
  "RSpec": {
    "coverage": {
      "/home/andrew/projects/promotest/lib/promotional_rules.rb": [
        1,
        1,
        4,
        4,
        4,
        null,
        null,
        1,
        4,
        9,
        null,
        4,
        null,
        null,
        1,
        6,
        6,
        18,
        null,
        6,
        null,
        null,
        1,
        7,
        3,
        null,
        7,
        null,
        null
      ]
    },
    "timestamp": 1450121441
  }
}
